<?xml version="1.0" encoding="UTF-8"?>
<testsuite name="example.jbot.slack.SlackBotTest" time="0.227" tests="8" errors="0" skipped="0" failures="0">
  <properties>
    <property name="java.runtime.name" value="Java(TM) SE Runtime Environment"/>
    <property name="sun.boot.library.path" value="/usr/java/jdk1.8.0_60/jre/lib/amd64"/>
    <property name="java.vm.version" value="25.60-b23"/>
    <property name="java.vm.vendor" value="Oracle Corporation"/>
    <property name="maven.multiModuleProjectDirectory" value="/home/rihabm/Documents/jbot-example"/>
    <property name="java.vendor.url" value="http://java.oracle.com/"/>
    <property name="path.separator" value=":"/>
    <property name="guice.disable.misplaced.annotation.check" value="true"/>
    <property name="java.vm.name" value="Java HotSpot(TM) 64-Bit Server VM"/>
    <property name="file.encoding.pkg" value="sun.io"/>
    <property name="user.country" value="FR"/>
    <property name="sun.java.launcher" value="SUN_STANDARD"/>
    <property name="sun.os.patch.level" value="unknown"/>
    <property name="java.vm.specification.name" value="Java Virtual Machine Specification"/>
    <property name="user.dir" value="/home/rihabm/Documents/jbot-example"/>
    <property name="java.runtime.version" value="1.8.0_60-b27"/>
    <property name="java.awt.graphicsenv" value="sun.awt.X11GraphicsEnvironment"/>
    <property name="java.endorsed.dirs" value="/usr/java/jdk1.8.0_60/jre/lib/endorsed"/>
    <property name="os.arch" value="amd64"/>
    <property name="java.io.tmpdir" value="/tmp"/>
    <property name="line.separator" value="&#10;"/>
    <property name="java.vm.specification.vendor" value="Oracle Corporation"/>
    <property name="os.name" value="Linux"/>
    <property name="classworlds.conf" value="/home/rihabm/Documents/java9/.metadata/.plugins/org.eclipse.m2e.launching/launches/m2conf5969282333095689164.tmp"/>
    <property name="sun.jnu.encoding" value="UTF-8"/>
    <property name="java.library.path" value="/usr/java/packages/lib/amd64:/usr/lib64:/lib64:/lib:/usr/lib"/>
    <property name="java.specification.name" value="Java Platform API Specification"/>
    <property name="java.class.version" value="52.0"/>
    <property name="sun.management.compiler" value="HotSpot 64-Bit Tiered Compilers"/>
    <property name="os.version" value="4.11.12-100.fc24.x86_64"/>
    <property name="user.home" value="/home/rihabm"/>
    <property name="user.timezone" value="Africa/Tunis"/>
    <property name="java.awt.printerjob" value="sun.print.PSPrinterJob"/>
    <property name="file.encoding" value="UTF-8"/>
    <property name="java.specification.version" value="1.8"/>
    <property name="user.name" value="rihabm"/>
    <property name="java.class.path" value="/home/rihabm/eclipse/oxygeeeen/eclipse/plugins/org.eclipse.m2e.maven.runtime_1.8.2.20171007-0216/jars/plexus-classworlds-2.5.2.jar"/>
    <property name="org.slf4j.simpleLogger.defaultLogLevel" value="debug"/>
    <property name="java.vm.specification.version" value="1.8"/>
    <property name="sun.arch.data.model" value="64"/>
    <property name="java.home" value="/usr/java/jdk1.8.0_60/jre"/>
    <property name="sun.java.command" value="org.codehaus.plexus.classworlds.launcher.Launcher -B -X -e install"/>
    <property name="java.specification.vendor" value="Oracle Corporation"/>
    <property name="user.language" value="fr"/>
    <property name="awt.toolkit" value="sun.awt.X11.XToolkit"/>
    <property name="java.vm.info" value="mixed mode"/>
    <property name="java.version" value="1.8.0_60"/>
    <property name="java.ext.dirs" value="/usr/java/jdk1.8.0_60/jre/lib/ext:/usr/java/packages/lib/ext"/>
    <property name="securerandom.source" value="file:/dev/./urandom"/>
    <property name="sun.boot.class.path" value="/usr/java/jdk1.8.0_60/jre/lib/resources.jar:/usr/java/jdk1.8.0_60/jre/lib/rt.jar:/usr/java/jdk1.8.0_60/jre/lib/sunrsasign.jar:/usr/java/jdk1.8.0_60/jre/lib/jsse.jar:/usr/java/jdk1.8.0_60/jre/lib/jce.jar:/usr/java/jdk1.8.0_60/jre/lib/charsets.jar:/usr/java/jdk1.8.0_60/jre/lib/jfr.jar:/usr/java/jdk1.8.0_60/jre/classes"/>
    <property name="java.vendor" value="Oracle Corporation"/>
    <property name="maven.home" value="/home/rihabm/Documents/jbot-example/EMBEDDED"/>
    <property name="file.separator" value="/"/>
    <property name="java.vendor.url.bug" value="http://bugreport.sun.com/bugreport/"/>
    <property name="sun.cpu.endian" value="little"/>
    <property name="sun.io.unicode.encoding" value="UnicodeLittle"/>
    <property name="sun.desktop" value="gnome"/>
    <property name="sun.cpu.isalist" value=""/>
  </properties>
  <testcase name="when_ConversationPattern_Should_StartConversation" classname="example.jbot.slack.SlackBotTest" time="0.129"/>
  <testcase name="when_DirectMessageWithPattern_Should_InvokeOnDirectMessage" classname="example.jbot.slack.SlackBotTest" time="0.008"/>
  <testcase name="when_DirectMessage_Should_InvokeOnDirectMessage" classname="example.jbot.slack.SlackBotTest" time="0.009"/>
  <testcase name="when_DirectMessage_Should_InvokeOnPinAdded" classname="example.jbot.slack.SlackBotTest" time="0.008"/>
  <testcase name="when_DirectMention_Should_InvokeOnDirectMention" classname="example.jbot.slack.SlackBotTest" time="0.009"/>
  <testcase name="given_InConversation_when_AnswerNo_Should_StopConversation" classname="example.jbot.slack.SlackBotTest" time="0.03"/>
  <testcase name="when_DirectMessage_Should_InvokeOnFileShared" classname="example.jbot.slack.SlackBotTest" time="0.02"/>
  <testcase name="when_MessageWithPattern_Should_InvokeOnReceiveMessageWithPattern" classname="example.jbot.slack.SlackBotTest" time="0.014"/>
</testsuite>